2024.04.16 00:10:15 INFO  Started: Metals version 1.3.0 in folders '/Users/dennis/Desktop/financial-planner/backend' for client Visual Studio Code 1.88.1.[0m
SLF4J: Class path contains multiple SLF4J providers.
SLF4J: Found provider [scribe.slf4j.ScribeServiceProvider@27eb98a8]
SLF4J: Found provider [ch.qos.logback.classic.spi.LogbackServiceProvider@44bc6504]
SLF4J: See https://www.slf4j.org/codes.html#multiple_bindings for an explanation.
SLF4J: Actual provider is of type [scribe.slf4j.ScribeServiceProvider@27eb98a8]
2024.04.16 00:10:15 WARN  Flyway upgrade recommended: H2 2.2.224 is newer than this version of Flyway and support has not been tested. The latest supported version of H2 is 2.2.220.[0m
2024.04.16 00:10:18 INFO  running '/Users/dennis/Library/Application Support/Coursier/bin/sbt -Dbloop.export-jar-classifiers=sources bloopInstall'[0m
2024.04.16 00:10:19 WARN  no build target for: /Users/dennis/Desktop/financial-planner/backend/project/project/metals.sbt[0m
2024.04.16 00:10:19 WARN  no build target for: /Users/dennis/Desktop/financial-planner/backend/project/metals.sbt[0m
2024.04.16 00:10:22 INFO  [info] welcome to sbt 1.5.5 (Eclipse Adoptium Java 11.0.22)[0m
2024.04.16 00:10:24 INFO  [info] loading settings for project backend-build-build-build from metals.sbt ...[0m
2024.04.16 00:10:26 INFO  [info] loading project definition from /Users/dennis/Desktop/financial-planner/backend/project/project/project[0m
2024.04.16 00:10:32 INFO  [info] loading settings for project backend-build-build from metals.sbt ...[0m
2024.04.16 00:10:32 INFO  [info] loading project definition from /Users/dennis/Desktop/financial-planner/backend/project/project[0m
2024.04.16 00:10:33 ERROR [info] waiting for lock on /Users/dennis/.ivy2/exclude_classifiers.lock to be available...[0m
2024.04.16 00:10:35 INFO  no build target found for /Users/dennis/Desktop/financial-planner/backend/project/project/metals.sbt. Using presentation compiler with project's scala-library version: 3.3.3[0m
2024.04.16 00:10:38 INFO  [success] Generated .bloop/backend-build-build.json[0m
2024.04.16 00:10:38 INFO  [success] Total time: 5 s, completed Apr 16, 2024, 12:10:38 AM[0m
2024.04.16 00:10:40 INFO  [info] loading settings for project backend-build from metals.sbt,plugins.sbt ...[0m
2024.04.16 00:10:40 INFO  [info] loading project definition from /Users/dennis/Desktop/financial-planner/backend/project[0m
2024.04.16 00:10:40 ERROR [info] waiting for lock on /Users/dennis/.ivy2/exclude_classifiers.lock to be available...[0m
2024.04.16 00:10:47 INFO  [success] Generated .bloop/backend-build.json[0m
2024.04.16 00:10:47 INFO  [success] Total time: 7 s, completed Apr 16, 2024, 12:10:47 AM[0m
2024.04.16 00:10:49 INFO  [info] loading settings for project root from build.sbt ...[0m
2024.04.16 00:10:49 INFO  [info] set current project to backend (in build file:/Users/dennis/Desktop/financial-planner/backend/)[0m
2024.04.16 00:11:05 INFO  [success] Generated .bloop/root-test.json[0m
2024.04.16 00:11:05 INFO  [success] Generated .bloop/root.json[0m
2024.04.16 00:11:05 INFO  [success] Total time: 15 s, completed Apr 16, 2024, 12:11:05 AM[0m
2024.04.16 00:11:05 INFO  time: ran 'sbt bloopInstall' in 46s[0m
2024.04.16 00:11:05 INFO  Attempting to connect to the build server...[0m
2024.04.16 00:11:05 INFO  tracing is disabled for protocol BSP, to enable tracing of incoming and outgoing JSON messages create an empty file at /Users/dennis/Desktop/financial-planner/backend/.metals/bsp.trace.json or /Users/dennis/Library/Caches/org.scalameta.metals/bsp.trace.json[0m
2024.04.16 00:11:05 INFO  Attempting to connect to the build server...[0m
2024.04.16 00:11:05 INFO  Attempting to connect to the build server...[0m
2024.04.16 00:11:06 INFO  tracing is disabled for protocol BSP, to enable tracing of incoming and outgoing JSON messages create an empty file at /Users/dennis/Desktop/financial-planner/backend/project/project/.metals/bsp.trace.json or /Users/dennis/Library/Caches/org.scalameta.metals/bsp.trace.json[0m
2024.04.16 00:11:06 INFO  tracing is disabled for protocol BSP, to enable tracing of incoming and outgoing JSON messages create an empty file at /Users/dennis/Desktop/financial-planner/backend/project/.metals/bsp.trace.json or /Users/dennis/Library/Caches/org.scalameta.metals/bsp.trace.json[0m
2024.04.16 00:11:11 INFO  time: Connected to build server in 5.58s[0m
2024.04.16 00:11:11 INFO  Connected to Build server: Bloop v1.5.17[0m
2024.04.16 00:11:11 INFO  time: Imported build in 0.23s[0m
2024.04.16 00:11:32 INFO  time: indexed workspace in 21s[0m
2024.04.16 00:11:33 INFO  compiling root (5 scala sources)[0m
2024.04.16 00:11:51 WARN  Invalid text document uri received from build server: file:///Users/dennis/Desktop/financial-planner/backend/app/controllers/HomeController.scala[0m
2024.04.16 00:11:51 INFO  compiling root-test (1 scala source)[0m
2024.04.16 00:11:51 INFO  time: compiled root in 18s[0m
2024.04.16 00:11:55 INFO  time: compiled root-test in 3.44s[0m
Apr 16, 2024 12:12:09 AM scala.meta.internal.pc.CompilerAccess handleError
SEVERE: A severe compiler error occurred, full details of the error can be found in the error report /Users/dennis/Desktop/financial-planner/backend/.metals/.reports/metals-full/2024-04-16/r_compiler-error_(root)_00-12-09-109.md
2024.04.16 00:12:09 WARN  Could not find semantic tokens for: file:///Users/dennis/Desktop/financial-planner/backend/src/main/scala/com/belmont/backend/BackendServer.scala[0m
Apr 16, 2024 12:12:20 AM org.eclipse.lsp4j.jsonrpc.RemoteEndpoint handleCancellation
WARNING: Unmatched cancel notification for request id 134
Apr 16, 2024 12:14:29 AM org.eclipse.lsp4j.jsonrpc.RemoteEndpoint handleCancellation
WARNING: Unmatched cancel notification for request id 175
Apr 16, 2024 12:14:33 AM scala.meta.internal.pc.CompilerAccess handleError
SEVERE: A severe compiler error occurred, full details of the error can be found in the error report /Users/dennis/Desktop/financial-planner/backend/.metals/.reports/metals-full/2024-04-16/r_compiler-error_(root)_00-14-33-684.md
2024.04.16 00:14:33 WARN  Could not find semantic tokens for: file:///Users/dennis/Desktop/financial-planner/backend/src/main/scala/com/belmont/backend/BackendServer.scala[0m
Apr 16, 2024 12:15:44 AM scala.meta.internal.pc.CompilerAccess handleError
SEVERE: A severe compiler error occurred, full details of the error can be found in the error report /Users/dennis/Desktop/financial-planner/backend/.metals/.reports/metals-full/2024-04-16/r_compiler-error_(root)_00-15-44-225.md
2024.04.16 00:15:44 WARN  Could not find semantic tokens for: file:///Users/dennis/Desktop/financial-planner/backend/src/main/scala/com/belmont/backend/BackendServer.scala[0m
Apr 16, 2024 12:15:49 AM org.eclipse.lsp4j.jsonrpc.RemoteEndpoint handleCancellation
WARNING: Unmatched cancel notification for request id 265
Apr 16, 2024 12:15:53 AM scala.meta.internal.pc.CompilerAccess handleError
SEVERE: A severe compiler error occurred, full details of the error can be found in the error report /Users/dennis/Desktop/financial-planner/backend/.metals/.reports/metals-full/2024-04-16/r_compiler-error_(root)_00-15-53-406.md
2024.04.16 00:15:53 WARN  Could not find semantic tokens for: file:///Users/dennis/Desktop/financial-planner/backend/src/main/scala/com/belmont/backend/BackendServer.scala[0m
2024.04.16 00:19:09 INFO  compiling root (1 scala source)[0m
2024.04.16 00:19:13 INFO  time: compiled root in 3.98s[0m
Apr 16, 2024 12:20:38 AM scala.meta.internal.pc.CompilerAccess handleError
SEVERE: A severe compiler error occurred, full details of the error can be found in the error report /Users/dennis/Desktop/financial-planner/backend/.metals/.reports/metals-full/2024-04-16/r_compiler-error_(root)_00-20-38-679.md
2024.04.16 00:20:38 WARN  Could not find semantic tokens for: file:///Users/dennis/Desktop/financial-planner/backend/src/main/scala/com/belmont/backend/BackendServer.scala[0m
Apr 16, 2024 12:20:40 AM org.eclipse.lsp4j.jsonrpc.services.GenericEndpoint notify
INFO: Unsupported notification method: $/setTrace
2024.04.16 00:20:42 INFO  Shutting down server[0m
2024.04.16 00:20:42 INFO  shutting down Metals[0m
2024.04.16 00:20:42 INFO  Shut down connection with build server.[0m
2024.04.16 00:20:42 INFO  Shut down connection with build server.[0m
2024.04.16 00:20:42 INFO  Shut down connection with build server.[0m
2024.04.16 00:20:42 INFO  Exiting server[0m
